[  0.0000] itiaizg cgroupsubsy cse
[  000000] Itiizing cgroup subsys cpu
  0.00000] Initializing cgroup subsys cpuacct
[   000000] inuxveio 4.4.0-11-gneic (buildd@lcy01-amd64-006) ccersio 5.4.0 2060609 (buntu 5.4.0-6ubuntu1~16.04.10) ) #167-Ubuntu SMP Wed Dec 5 10:40:15 UTC 2018 (Ubuntu 4.4.0-141.167-generic 4.4.162)
[    0.000000] Command line: BOOT_IMAGE=/boot/vmlinuz-4.4.0-141-generic root=UUID=48628860-7699-4c6a-971e-5165408082e0 ro console=tty1 console=ttyS0
[    0.000000] KERNEL supported cpus:
[    0.00000]   Intel GenuineIntel
[    0.00000]   AMD AutntAMD
[   0.0000]   enurCenturHas[    0.0000]86/fpu xat_offset[]:57, xstate_izs[:  26[  0.000000]x86/fpu: SupporngXSAVE feature 01'x87 floatin pnt egisters
  0.00000] x86/fpu: Supporting XSAE eatre 002'SE regiters'
[    0.000000x8/fpu: SupportngSAE feature 004'AX regiser
    0.000000 x86fpu: Enabled xstate features 0x7, context size is 832 bytes, using 'standard' format.
[    0.000000] e820: BIOS-provided physical RAM map:
[    0.000000] BIOS-e820: [me 0x0000000000000000-0x000000000009fbff] usable
[    0.000000] BIOS-e820: [mem 0x000000000009fc00-0x000000000009ffff] reserved
[    0.000000] BIOS-e820: [mem 0x00000000000f0000-0x00000000000fffff] reseved
[    0.000000] BIOS-e820: [mem 0x0000000000100000-0x00000000dffeffff] usable
[    0.000000] BIOS-e820: [mem 0x00000000dfff0000-0x00000000dfffffff] ACPI data
[    0.000000] BIOS-e820: [mem 0x00000000fec00000-0x00000000fec00fff] reserved
[    0.000000] BIOS-e820: [mem 0x00000000fee00000-0x00000000fee00fff] reserved
[    0.000000] BIOS-e820: [mem 0x00000000fffc0000-0x00000000ffffffff] reserved
[    0.000000] BIOS-e820: [mem 0x0000000100000000-0x000000015e7fffff] usable
[    0.000000] NX (Execute Disable) protection: active
[    0.000000] SMBIOS 2.5 present.
[    0.000000] Hypervisor detected: KVM
[    0.000000] e820: last_pfn = 0x15e800 max_arch_pfn = 0x400000000
[    0.000000] MTRR: Disabled
[    0.000000] x86/PAT: MTRRs disabled, skipping PA iitiaiziotoo.
  0.0000] CP MTR all blank - virtualized system.
[    0.000000] x86/PAT: Configuration [0-7]: WB  WT  UC- UC  WB  WT  UC- UC  
    .0000]e8: st_pfn  0ff0 ax_arch_fn 040000000[    0.0000]oud SM MPabe at [em0x00fff0-0x009ff] apped at [ff800009fff0]
[    0.000000Scanning 1 aea forlomeory cruio
  0.0000 RDIK:[mem x3e4000-0x370e9fff]
[    0.000000] ACPI: Early table checksum verification disabled
[   0.000000] ACPI: RSDP 0x00000000000E0000 000024 (v02 VBOX  )
[    0.000000]] ACPI: XSDT 0x00000000DFFF0030 00003C (v01 VBOX   VBOXXSDT 00000001 ASL  00000061)
[    0.000000] ACPI: FACP 0x00000000DFFF00F0 0000F4 (v04 VBOX   VBOXFACP 00000001 ASL  00000061)
[    0.000000] ACPI: DSDT 0x00000000DFFF0480 0021FF (v02 VBX   VBOXBIOS 00000002 INTL 20100528)
[    0.000000] ACPI: FACS 0x00000000DFFF0200 000040
[    0.000000] ACPI: FACS 0x00000000DFFF0200 000040
[    0.000000] ACPI: APIC 0x00000000DFFF0240 00006C (v02 VBOX   VBOXAPIC 00000001 ASL  00000061)
[    0.000000] ACPI: SSDT 0x00000000DFFF02B0 0001CC (v01 VBOX   VBOXCPUT 00000002 INTL 20100528)
[    0.000000] No NUMA configuration found
[    0.000000] Faking nde at mem0x000000000000-00000000157fff
[   00000 NODE_TA) alloatd em 0x157f000x15e7bff]
[  00000] kvm-clock: Using ms 564d01an4b64d0
    0.0000] vmclk: cp 0ms 1:5e7e01primrypu coc
[   .0000]kvm-lo: singsched ofet of 4845885267 cycles
[    0.000000] clocksource: kvm-clock: mask: 0xffffffffffffffff max_cycles: 0x1cd42e4dffb, max_idle_ns: 881590591483 ns
[    0.000000 Zone ranges:
[    0.000000]   DMA      [mem 0x0000000000001000-0x0000000000ffffff]
[    0.000000]   DMA32    [mem 0x0000000001000000-0x00000000ffffffff]
[    0.000000]   Normal   [mem 0x0000000100000000-0x000000015e7fffff]
[    0.000000]   Device   empty
[    0.000000] Movable zone start for each node
[    0.000000] Early memory node ranges
[    0.000000]   node   0: [mem 0x0000000000001000-0x000000000009efff]
[   0.00000]  de  0: [mem 0x0000000000100000-0x00000000dffeffff]
[   0.000]   od  0: [em 0x00001000000-0000015e7fffff]
[  0000000 Intm stup noe [mm 0x0000000000001000-0x00000015e7ff]
[   0.000] ACPI:PMimr IO Prt0x008
[    0000000] IOPI[0]: aicd , vesion 2,ddress 0xfec0000, GSI 0-23
[    0.000000] ACPI: INT_SRC_OVR (bus 0 bus_irq 0 global_irq 2 dfl dfl)
[    0.000000] ACPI: INT_SRC_OVR (bus 0 bus_irq 9 global_irq 9 low level)
[    0.000000] Using ACPI (MADT) for SMP configuration information
[    0.000000] smpboot: Allowing 4 CPUs, 0 hotplug CPUs
[    0.000000] PM: Registered nosave memory: [mem 0x00000000-0x00000fff]
[    0.000000] PM: Registered nosave memory: [mem 0x0009f000-0x0009ffff]
[    0.000000] PM: Registered nosave memory: [mem 0x000a0000-0x000effff]
[    0.000000] PM: Registered nosaveemry: mem 0x000000x000ffff]
[    0.0000 P: Registered nosave memory: [mem 0xdfff0000-0xdfffffff]
[    0.000000] PM: Registered nosave memory: [mem 0xe0000000-0xfebfffff]
[    0.000000] PM: Registered nosave memory: [mem 0xfec00000-0xfe00fff]
[    0.000000] PM: Registered nosave memory: [mem 0xfec01000-0xfedfffff]
[    0.000000] PM: Registered nosave memory: [mem 0xfee00000-0xfee00fff]
[    0.000000] PM: Registered nosave memory: [mem 0xfee01000-0xfffbffff]
[    0.000000] PM: Registered nosave memory: [mem 0xfffc0000-0xffffffff]
[    0.000000] e820: [mem 0xe0000000-0xfebfffff] available for PCI devices
[    0.000000] Booting paravirtualized kernel on KVM
[    0.000000] clocksource: refined-jiffies: mask: 0xffffffff max_cycles: 0xffffffff, max_idle_ns: 7645519600211568 ns
[    0.000000] setup_percpu: NR_CPUS:512 nr_cpmak_bits:512 nr_cpu_ids:4 nrod_is:
[    0.00000]ERPU: Embeed4 ages/cp @ff8015400000 s99608 r8192 d31464 u524288
[    0.000000] PV qspinlock hash table eris: 256 (de 0,4096 bte
[    0.000] Built 1 zonelists in Nodeorr, obilit gupng o. otl paes124056
  0.0000] oly one:Noal
[   0.000] Kernel ommandlie: BOOTIME=oootvmlinuz-4.4.0-141-nericroot=UUID=48628860-7699-4c6a-9971e-516540882e0 ro console=tty1 console=ttyS0
[    0.000000] PID hash table entries: 4096 (order: 3, 32768 bytes)
[    0.000000] Memory: 5034976K/5217848K available (8568K kernelcode, 1314K rwdata, 4008K rodata, 1528K init, 1316 bss, 182872K reserved, 0K cma-reserved)
[    0.000000] SLUB: HWalign=64, Order=0-3, MinObjects=0, CPUs=4, Nodes=1
[    0.000000] Kernel/User page tables isolation: enabled
[    0.000000] Hierarchical RCU implementation.
[    0.000000] 	Build-time adjustment of leaf fanout to 64.
[    0.000000] 	RCU restricting CPUs from NR_CPUS=512 to nr_cpu_ids=4.
[   00000] RC: juting gomryfor rcufauteaf=4,r_cpu_ids=4
[   0.000] NR_IS:3302 nirqs:456 16
[  .00000] Console: colour VGA+ 80x25
[    0.000 console[t1]enabed
[   00000] coso [tyS0] enabled[   0.000000] tsc: Detected 2903.998 MHz processor
[    7.117592] Calibrating delay loop (skipped) preset value.. 5807.99 BogoMIPS (lpj=11615992)
[    7.239041] pid_max: default: 32768 minimum: 301
[    7.323637] ACPI: Core revision 20150930
[    7.354569] ACPI: 2 ACPI AML tables successfully acquired and loaded
[    7.401771] Security Framework initialized
[    7.406509] Yama: becoming mindful.
[    7.408029] AppArmor: AppArmor initialized
[    7.411663] Dentry cache hash table entries: 1048576 (order: 11, 8388608 bytes)
[    7.422369] Inode-cache hash table entries: 524288 (order: 10, 4194304 bytes)
[    7.429200] Mount-cache hash table entries: 16384 (order: 5, 131072 bytes)
[    7.431759] Mountpoint-cache hash table entries: 16384 (order: 5, 131072 bytes)
[    7.436268] Initializing cgroup subsys io
[    7.439109] Initializing cgroup subsys memory
[    7.440708] Initializing cgroup subsys devices
[    7.445853] Initializing cgroup subsys freezer
[    7.447304] Initializing cgroup subsys net_cls
[    7.448917] Initializing cgroup subsys perf_event
[    7.450478] Initializing cgroup subsys net_prio
[    7.451964] Initializing cgroup subsys hugetlb
[    7.453537] Initializing cgroup subsys pids
[    7.456079] mce: CPU supports 0 MCE banks
[    7.457750] Last level iTLB entries: 4KB 64, 2MB 8, 4MB 8
[    7.459187] Last level dTLB entries: 4KB 64, 2MB 0, 4MB 0, 1GB 4
[    7.460632] Spectre V2 : Mitigation: Full generic retpoline
[    7.489851] Spectre V2 : Spectre v2 mitigation: Speculation control IBPB not-supported IBRS not-supported
[    7.549928] Spectre V2 : Spectre v2 / SpectreRSB mitigation: Filling RSB on context switch
[    7.642130] Speculative Store Bypass: Vulnerable
[    7.728150] Freeing SMP alternatives memory: 32K
[    7.797549] ftrace: allocating 32291 entries in 127 pages
[    7.867565] smpboot: APIC(0) Converting physical 0 to logical package 0
[    7.950118] smpboot: Max logical packages: 1
[    8.003979] x2apic enabled
[    8.030214] Switched APIC routing to physical x2apic.
[    8.079580] ..TIMER: vector=0x30 apic1=0 pin1=2 apic2=-1 pin2=-1
[    8.237438] smpboot: CPU0: Intel(R) Core(TM) i7-7820HQ CPU @ 2.90GHz (family: 0x6, model: 0x9e, stepping: 0x9)
[    8.362286] Performance Events: unsupported p6 CPU model 158 no PMU driver, software events only.
[    8.433378] KVM setup paravirtual spinlock
[    8.481192] x86: Booting SMP configuration:
[    8.501229] .... node  #0, CPUs:      #1
[    8.520926] kvm-clock: cpu 1, msr 1:5e7ef041, secondary cpu clock
[    8.524170] mce: CPU supports 0 MCE banks
[    8.527413]  #2
[    8.528329] kvm-clock: cpu 2, msr 1:5e7ef081, secondary cpu clock
[    8.536003] mce: CPU supports 0 MCE banks
[    8.539523]  #3
[    8.540837] kvm-clock: cpu 3, msr 1:5e7ef0c1, secondary cpu clock
[    8.545860] mce: CPU supports 0 MCE banks
[    8.550528] x86: Booted up 1 node, 4 CPUs
[    8.552568] smpboot: Total of 4 processors activated (23231.98 BogoMIPS)
[    8.559623] devtmpfs: initialized
[    8.564378] evm: security.selinux
[    8.569160] evm: security.SMACK64
[    8.570450] evm: security.SMACK64EXEC
[    8.572029] evm: security.SMACK64TRANSMUTE
[    8.573601] evm: security.SMACK64MMAP
[    8.578998] evm: security.ima
[    8.579886] evm: security.capability
[    8.580926] clocksource: jiffies: mask: 0xffffffff max_cycles: 0xffffffff, max_idle_ns: 7645041785100000 ns
[    8.583045] futex hash table entries: 1024 (order: 4, 65536 bytes)
[    8.584686] pinctrl core: initialized pinctrl subsystem
[    8.585923] RTC time: 11:26:52, date: 02/03/19
[    8.588672] NET: Registered protocol family 16
[    8.604170] cpuidle: using governor ladder
[    8.616430] cpuidle: using governor menu
[    8.675024] PCCT header not found.
[    8.676193] ACPI: bus type PCI registered
[    8.677499] acpiphp: ACPI Hot Plug PCI Controller Driver version: 0.5
[    8.695695] PCI: Using configuration type 1 for base access
[    8.724755] ACPI: Added _OSI(Module Device)
[    8.751151] ACPI: Added _OSI(Processor Device)
[    8.755468] ACPI: Added _OSI(3.0 _SCP Extensions)
[    8.756762] ACPI: Added _OSI(Processor Aggregator Device)
[    8.758793] ACPI: Executed 1 blocks of module-level executable AML code
[    8.762455] ACPI: Interpreter enabled
[    8.767414] ACPI: (supports S0 S5)
[    8.768457] ACPI: Using IOAPIC for interrupt routing
[    8.769735] PCI: Using host bridge windows from ACPI; if necessary, use "pci=nocrs" and report a bug
[    8.791465] ACPI: PCI Root Bridge [PCI0] (domain 0000 [bus 00-ff])
[    8.831854] acpi PNP0A03:00: _OSC: OS supports [ASPM ClockPM Segments MSI]
[    8.887558] acpi PNP0A03:00: _OSC: not requesting OS control; OS requires [ExtendedConfig ASPM ClockPM MSI]
[    8.982066] acpi PNP0A03:00: fail to add MMCONFIG information, can't access extended PCI configuration space under this bridge.
[    9.140929] PCI host bridge to bus 0000:00
[    9.153368] pci_bus 0000:00: root bus resource [io  0x0000-0x0cf7 window]
[    9.198868] pci_bus 0000:00: root bus resource [io  0x0d00-0xffff window]
[    9.252634] pci_bus 0000:00: root bus resource [mem 0x000a0000-0x000bffff window]
[    9.328821] pci_bus 0000:00: root bus resource [mem 0xe0000000-0xfdffffff window]
[    9.392717] pci_bus 0000:00: root bus resource [bus 00-ff]
[    9.445591] pci 0000:00:01.1: legacy IDE quirk: reg 0x10: [io  0x01f0-0x01f7]
[    9.533172] pci 0000:00:01.1: legacy IDE quirk: reg 0x14: [io  0x03f6]
[    9.603997] pci 0000:00:01.1: legacy IDE quirk: reg 0x18: [io  0x0170-0x0177]
[    9.629894] pci 0000:00:01.1: legacy IDE quirk: reg 0x1c: [io  0x0376]
[    9.715004] pci 0000:00:07.0: quirk: [io  0x4000-0x403f] claimed by PIIX4 ACPI
[    9.799314] pci 0000:00:07.0: quirk: [io  0x4100-0x410f] claimed by PIIX4 SMB
[    9.869595] ACPI: PCI Interrupt Link [LNKA] (IRQs 5 9 10 *11)
[    9.953591] ACPI: PCI Interrupt Link [LNKB] (IRQs 5 9 *10 11)
[    9.988509] ACPI: PCI Interrupt Link [LNKC] (IRQs 5 *9 10 11)
[   10.056189] ACPI: PCI Interrupt Link [LNKD] (IRQs 5 9 10 *11)
[   10.096601] ACPI: Enabled 2 GPEs in block 00 to 07
[   10.119648] vgaarb: setting as boot device: PCI:0000:00:02.0
[   10.127752] vgaarb: device added: PCI:0000:00:02.0,decodes=io+mem,owns=io+mem,locks=none
[   10.217140] vgaarb: loaded
[   10.242556] vgaarb: bridge control possible 0000:00:02.0
[   10.293204] SCSI subsystem initialized
[   10.330885] ACPI: bus type USB registered
[   10.361899] usbcore: registered new interface driver usbfs
[   10.422345] usbcore: registered new interface driver hub
[   10.476214] usbcore: registered new device driver usb
[   10.494239] PCI: Using ACPI for IRQ routing
[   10.495880] NetLabel: Initializing
[   10.497288] NetLabel:  domain hash size = 128
[   10.523711] NetLabel:  protocols = UNLABELED CIPSOv4
[   10.579920] NetLabel:  unlabeled traffic allowed by default
[   10.654532] amd_nb: Cannot enumerate AMD northbridges
[   10.699271] clocksource: Switched to clocksource kvm-clock
[   10.740963] AppArmor: AppArmor Filesystem Enabled
[  10.742298] pnp: PnP ACPI init
[   10.771960] pnp: PnP ACPI: found 3 devices
[   10.788827] clocksource: acpi_pm: mask: 0xffffff max_cycles: 0xffffff, max_idle_ns: 2085701024 ns
[   10.793036] NET: Registered protocol family 2

[   10.795255] TCP established hash table entries: 65536 (order: 7 524288 bytes)
[   10.828740] CP bind hash table entries: 65536 (order: 8, 1048576 bytes)
[   10.862849] TCP: Hash tables configured (established 65536 bind 6553)   10.910333] UDP hash table entries: 4096 (order: 5, 131072 bytes)
[   10.959853] UDP-Lite hash table entries: 4096 (order: 5, 131072 bytes)
[   10.961678] NET: Registered protocol family 1
[   10.963070] pci 0000:00:00.0: Limiting direct PCI/PCI transfers
[   10.964750] pci 0000:00:01.0: Activating ISA DMA hang workarounds
[   10.968578] Unpacking initramfs...

[   11.174350] Freeing initrd memory: 15384K
[   11.267229] PCI-DMA: Using software bounce buffering for IO (SWIOTLB)
[   11.363189] software IO TLB [mem 0xdbff0000-0xdfff0000] (64MB) mapped at [ffff8800dbff0000-ffff8800dffeffff]
[   11.422671] platform rtc_cmos: registered platform RTC device (no PNP device found)
[   11.578115] Scanning for low memory corruption every 60 seconds
[   11.636508] audit: initializing netlink subsys (disabled)
[   11.752490] audit: type=2000 audit(1549193212.488:1): initialized
[   11.851202] Initialise system trusted keyring
[   11.866021] HugeTLB registered 2 MB page size, pre-allocated 0 pages
[   11.871917] zbud: loaded
[   11.873482] VFS: Disk quotas dquot_6.6.0
[   11.874991] VFS: Dquot-cache hash table entries: 512 (order 0, 4096 bytes)
[   11.878016] squashfs: version 4.0 (2009/01/31) Phillip Lougher
[   11.881729] fuse init (API version 7.23)
[   11.884522] Key type big_key registered
[   11.887127] Allocating IMA MOK and blacklist keyrings.
[   11.893876] Key type asymmetric registered
[   11.896290] Asymmetric key parser 'x509' registered
[   11.898294] Block layer SCSI generic (bsg) driver version 0.4 loaded (major 249)
[   11.901352] io scheduler noop registered
[   11.902953] io scheduler deadline registered (default)
[   11.907112] io scheduler cfq registered
[   11.908731] pci_hotplug: PCI Hot Plug PCI Core version: 0.5
[   11.910726] pciehp: PCI Express Hot Plug Controller Driver version: 0.4
[   11.916300] ACPI: AC Adapter [AC] (on-line)
[   11.917690] input: Power Button as /devices/LNXSYSTM:00/LNXPWRBN:00/input/input0
[   11.920559] ACPI: Power Button [PWRF]
[   11.921607] input: Sleep Button as /devices/LNXSYSTM:00/LNXSLPBN:00/input/input1
[   11.923353] ACPI: Sleep Button [SLPF]
[   11.924570] GHES: HEST is not enabled!
[   11.925614] ACPI: Battery Slot [BAT0] (battery present)
[   11.937981] Serial: 8250/16550 driver, 32 ports, IRQ sharing enabled
[   11.965991] 00:02: ttyS0 at I/O 0x3f8 (irq = 4, base_baud = 115200) is a 16550A
[   12.011721] Linux agpgart interface v0.103
[   12.065898] loop: module loaded
[   12.067309] scsi host0: ata_piix
[   12.068208] scsi host1: ata_piix
[   12.069052] ata1: PATA max UDMA/33 cmd 0x1f0 ctl 0x3f6 bmdma 0xd000 irq 14
[   12.070473] ata2: PATA max UDMA/33 cmd 0x170 ctl 0x376 bmdma 0xd008 irq 15
[   12.096535] libphy: Fixed MDIO Bus: probed
[   12.133077] tun: Universal TUN/TAP device driver, 1.6
[   12.177311] tun: (C) 1999-2004 Max Krasnyansky <maxk@qualcomm.com>
[   12.234106] PPP generic driver version 2.4.2
[   12.278208] ehci_hcd: USB 2.0 'Enhanced' Host Controller (EHCI) Driver
[   12.389715] ehci-pci: EHCI PCI platform driver
[   12.456208] tsc: Refined TSC clocksource calibration: 2904.750 MHz
[   12.570092] clocksource: tsc: mask: 0xffffffffffffffff max_cycles: 0x29deca10d17, max_idle_ns: 440795290194 ns
[   12.570254] ehci-platform: EHCI generic platform driver
[   12.570267] ohci_hcd: USB 1.1 'Open' Host Controller (OHCI) Driver
[   12.570281] ohci-pci: OHCI PCI platform driver
[   12.570800] ohci-pci 0000:00:06.0: OHCI PCI host controller
[   12.570806] ohci-pci 0000:00:06.0: new USB bus registered, assigned bus number 1
[   12.570886] ohci-pci 0000:00:06.0: irq 22, io mem 0xf0804000
[   12.625913] usb usb1: New USB device found, idVendor=1d6b, idProduct=0001
[   12.625915] usb usb1: New USB device strings: Mfr=3, Product=2, SerialNumber=1
[   12.625916] usb usb1: Product: OHCI PCI host controller
[   12.625917] usb usb1: Manufacturer: Linux 4.4.0-141-generic ohci_hcd
[   12.625918] usb usb1: SerialNumber: 0000:00:06.0
[   12.626026] hub 1-0:1.0: USB hub found
[   12.626049] hub 1-0:1.0: 12 ports detected
[   12.626505] ohci-platform: OHCI generic platform driver
[   12.626537] uhci_hcd: USB Universal Host Controller Interface driver
[   12.627256] xhci_hcd 0000:00:0c.0: xHCI Host Controller
[   12.627262] xhci_hcd 0000:00:0c.0: new USB bus registered, assigned bus number 2
[   12.628580] xhci_hcd 0000:00:0c.0: hcc params 0x04000000 hci version 0x100 quirks 0x0000b930
[   12.628817] usb usb2: New USB device found, idVendor=1d6b, idProduct=0002
[   12.628818] usb usb2: New USB device strings: Mfr=3, Product=2, SerialNumber=1
[   12.628819] usb usb2: Product: xHCI Host Controller
[   12.628820] usb usb2: Manufacturer: Linux 4.4.0-141-generic xhci-hcd
[   12.628821] usb usb2: SerialNumber: 0000:00:0c.0
[   12.628929] hub 2-0:1.0: USB hub found
[   12.628954] hub 2-0:1.0: 8 ports detected
[   12.629225] xhci_hcd 0000:00:0c.0: xHCI Host Controller
[   12.629227] xhci_hcd 0000:00:0c.0: new USB bus registered, assigned bus number 3
[   12.629416] usb usb3: New USB device found, idVendor=1d6b, idProduct=0003
[   12.629418] usb usb3: New USB device strings: Mfr=3, Product=2, SerialNumber=1
[   12.629419] usb usb3: Product: xHCI Host Controller
[   12.629421] usb usb3: Manufacturer: Linux 4.4.0-141-generic xhci-hcd
[   12.629422] usb usb3: SerialNumber: 0000:00:0c.0
[   12.629517] hub 3-0:1.0: USB hub found
[   12.629541] hub 3-0:1.0: 6 ports detected
[   12.629834] i8042: PNP: PS/2 Controller [PNP0303:PS2K,PNP0f03:PS2M] at 0x60,0x64 irq 1,12
[   12.630443] serio: i8042 KBD port at 0x60,0x64 irq 1
[   12.630448] serio: i8042 AUX port at 0x60,0x64 irq 12
[   12.630629] mousedev: PS/2 mouse device common for all mice
[   12.631178] rtc_cmos rtc_cmos: rtc core: registered rtc_cmos as rtc0
[   12.631347] input: AT Translated Set 2 keyboard as /devices/platform/i8042/serio0/input/input2
[   12.631389] rtc_cmos rtc_cmos: alarms up to one day, 114 bytes nvram
[   12.631396] i2c /dev entries driver
[   12.631447] device-mapper: uevent: version 1.0.3
[   12.631595] device-mapper: ioctl: 4.34.0-ioctl (2015-10-28) initialised: dm-devel@redhat.com
[   12.631640] ledtrig-cpu: registered to indicate activity on CPUs
[   12.634147] NET: Registered protocol family 10
[   12.634387] NET: Registered protocol family 17
[   12.634400] Key type dns_resolver registered
[   12.634664] registered taskstats version 1
[   12.634676] Loading compiled-in X.509 certificates
[   12.635149] Loaded X.509 cert 'Build time autogenerated kernel key: 7c9fb337b82e5a343493fe891c556beae1895c7c'
[   12.635165] zswap: loaded using pool lzo/zbud
[   12.666769] Key type trusted registered
[   12.670167] Key type encrypted registered
[   12.670171] AppArmor: AppArmor sha1 policy hashing enabled
[   12.670174] ima: No TPM chip found, activating TPM-bypass!
[   12.670178] ima: Allocated hash algorithm: sha1
[   12.670191] evm: HMAC attrs: 0x1
[   12.670649]   Magic number: 7:738:427
[   12.704614] rtc_cmos rtc_cmos: setting system clock to 2019-02-03 11:26:56 UTC (1549193216)
[   12.704841] BIOS EDD facility v0.16 2004-Jun-25, 0 devices found
[   12.704842] EDD information not available.
[   14.144142] Freeing unused kernel memory: 1528K
[   14.168072] Write protecting the kernel read-only data: 14336k
[   14.332704] Freeing unused kernel memory: 1660K
[   14.761082] Freeing unused kernel memory: 88K
Loading, please [   15.162670] random: systemd-udevd: uninitialized urandom read (16 bytes read, 9 bits of entropy available)
wait...
starting version 229
[   15.163630] random: udevadm: uninitialized urandom read (16 bytes read, 9 bits of entropy available)
[   15.163647] random: udevadm: uninitialized urandom read (16 bytes read, 9 bits of entropy available)
[   15.171201] random: udevadm: uninitialized urandom read (16 bytes read, 9 bits of entropy available)
[   15.171248] random: udevadm: uninitialized urandom read (16 bytes read, 9 bits of entropy available)
[   15.171542] random: udevadm: uninitialized urandom read (16 bytes read, 9 bits of entropy available)
[   15.171581] random: udevadm: uninitialized urandom read (16 bytes read, 9 bits of entropy available)
[   15.171620] random: udevadm: uninitialized urandom read (16 bytes read, 9 bits of entropy available)
[   15.171656] random: udevadm: uninitialized urandom read (16 bytes read, 9 bits of entropy available)
[   15.171691] random: udevadm: uninitialized urandom read (16 bytes read, 9 bits of entropy available)
[   15.265852] e1000: Intel(R) PRO/1000 Network Driver - version 7.3.21-k8-NAPI
[   15.272240] e1000: Copyright (c) 1999-2006 Intel Corporation.
[   15.274095] [drm] Initialized drm 1.1.0 20060810
[   15.284132] AVX2 version of gcm_enc/dec engaged.
[   15.285461] AES CTR mode by8 optimization enabled
[   15.288852] Fusion MPT base driver 3.04.20
[   15.299788] Copyright (c) 1999-2008 LSI Corporation
[   15.309267] vboxvideo: loading out-of-tree module taints kernel.
[   15.330854] vboxvideo: module verification failed: signature and/or required key missing - tainting kernel
[   15.340178] Fusion MPT SPI Host driver 3.04.20
[   15.515808] input: ImExPS/2 Generic Explorer Mouse as /devices/platform/i8042/serio1/input/input4
[   15.700592] e1000 0000:00:03.0 eth0: (PCI:33MHz:32-bit) 02:20:67:8c:d5:af
[   15.830911] e1000 0000:00:03.0 eth0: Intel(R) PRO/1000 Network Connection
[   15.851323] e1000 0000:00:03.0 enp0s3: renamed from eth0
[   15.866924] mptbase: ioc0: Initiating bringup
[   15.939550] ioc0: LSI53C1030 A0: Capabilities={Initiator}
[   16.104235] scsi host2: ioc0: LSI53C1030 A0, FwRev=00000000h, Ports=1, MaxQ=256, IRQ=20
[   16.416258] scsi 2:0:0:0: Direct-Access     VBOX     HARDDISK         1.0  PQ: 0 ANSI: 5
[   16.416824] [drm] VRAM 01000000
[   16.417101] [TTM] Zone  kernel: Available graphics memory: 2526834 kiB
[   16.417101] [TTM] Zone   dma32: Available graphics memory: 2097152 kiB
[   16.417102] [TTM] Initializing pool allocator
[   16.417106] [TTM] Initializing DMA pool allocator
[   19.433169] fbcon: vboxdrmfb (fb0) is primary device
[   19.437901] scsi target2:0:0: Beginning Domain Validation
[   19.438926] Console: switching to colour frame buffer device 100x37
[   19.441505] scsi target2:0:0: Domain Validation skipping write tests
[   19.441506] scsi target2:0:0: Ending Domain Validation
[   19.441579] scsi target2:0:0: asynchronous
[   19.443405] scsi 2:0:1:0: Direct-Access     VBOX     HARDDISK         1.0  PQ: 0 ANSI: 5
[   19.443409] scsi target2:0:1: Beginning Domain Validation
[   19.445778] scsi target2:0:1: Domain Validation skipping write tests
[   19.445778] scsi target2:0:1: Ending Domain Validation
[   19.445848] scsi target2:0:1: asynchronous
[   19.519483] sd 2:0:0:0: Attached scsi generic sg0 type 0
[   19.519633] sd 2:0:0:0: [sda] 83886080 512-byte logical blocks: (42.9 GB/40.0 GiB)
[   19.519982] sd 2:0:0:0: [sda] Write Protect is off
[   19.520150] sd 2:0:0:0: [sda] Incomplete mode parameter data
[   19.520152] sd 2:0:0:0: [sda] Assuming drive cache: write through
[   19.526884] sd 2:0:1:0: [sdb] 20480 512-byte logical blocks: (10.5 MB/10.0 MiB)
[   19.527094] sd 2:0:1:0: [sdb] Write Protect is off
[   19.527409] sd 2:0:1:0: [sdb] Incomplete mode parameter data
[   19.527410] sd 2:0:1:0: [sdb] Assuming drive cache: write through
[   19.527520]  sda: sda1
[   19.575757] sd 2:0:1:0: Attached scsi generic sg1 type 0
[   19.576999] sd 2:0:0:0: [sda] Attached SCSI disk
[   19.580119] sd 2:0:1:0: [sdb] Attached SCSI disk
[   19.665115] vboxvideo 0000:00:02.0: fb0: vboxdrmfb frame buffer device
[   19.683389] [drm] Initialized vboxvideo 1.0.0 20130823 for 0000:00:02.0 on minor 0
Begin: Loading essential drivers ... [   19.734651] md: linear personality registered for level -1
[   19.790542] md: multipath personality registered for level -4
[   19.863772] md: raid0 personality registered for level 0
[   19.919858] md: raid1 personality registered for level 1
[   20.055490] raid6: sse2x1   gen() 12029 MB/s
[   20.195472] raid6: sse2x1   xor()  8681 MB/s
[   20.347652] raid6: sse2x2   gen() 15128 MB/s
[   20.455502] raid6: sse2x2   xor() 10251 MB/s
[   20.559476] raid6: sse2x4   gen() 16206 MB/s
[   20.627917] raid6: sse2x4   xor() 11187 MB/s
[   20.751526] raid6: avx2x1   gen() 23255 MB/s
[   20.823847] raid6: avx2x2   gen() 21774 MB/s
[   20.943298] raid6: avx2x4   gen() 30400 MB/s
[   20.971717] raid6: using algorithm avx2x4 gen() 30400 MB/s
[   21.000582] raid6: using avx2x2 recovery algorithm
[   21.081388] xor: automatically using best checksumming function:
[   21.255893]    avx       : 29404.000 MB/sec
[   21.411440] async_tx: api initialized (async)
[   21.471775] md: raid6 personality registered for level 6
[   21.544692] md: raid5 personality registered for level 5
[   21.568043] md: raid4 personality registered for level 4
[   21.646092] md: raid10 personality registered for level 10
done.
Begin: Running /scripts/init-premount ... done.
Begin: Mounting root file system ... Begin: Running /scripts/local-top ... done.
Begin: Running /scripts/l[   21.771887] Btrfs loaded
ocal-premount ... Scanning for Btrfs filesystems
done.
Warning: fsck not present, so sk[   21.854622] EXT4-fs (sda1): mounted filesystem with ordered data mode. Opts: (null)
ipping root file system
done.
Begin: Running /scripts/local-bottom ... done.
Begin: Running /scripts/init-bottom ... done.
[   219977] stem[1]: systemd 229 unning in stem moe.(+PAM +AUDT SELINUX +MA+APAMO +MAK +SSVINIT +UTMP +BCRYPSEP +GCPT +GUTLS +ACL +XZ -Z4SECCOMP +BLKID +ELFUTILS +MOD -DN)
[  22.903514] systed[1]: Detected virtualization oracle
[   23.00564sytemd1]: Detected architecture 8664

Welcome to [1mUbuntu 16.04.5 LTS[0m!

[   23.3407] std[: Set hotne o ubtu-xenia>.
[   23.9144]random: noblcking ol is initialized

[ 24.169466 stemd[1]: Listenin o Journal Socet (/dev/log).
[[0;32m  OK  [0m] Listening on Journal Socket (/dev/log).
[ 24.563726] systemd[1]: Started Forward Password Requests to Wall Directory Watch. [[0;32m  OK  [0m] Started Forward Password Requests to Wall Directory Watch.
[  24.800073] systemd[1]: Reached target ncptd  Voums.
[[0;32m  OK  [0m] Reached target Encrypted Volumes.
[ 25.05543] systemd[1]: et uautomount Arbitrary Executable File Formats File System Automount Point.
[[0;32m  OK  [0m] Set up automount Arbitrary Executab...ats File System Automount Point.
[   25.371845] systemd[1]: Listening on Device-pp entdaemon FIFOs.
[[0;32m  OK  [0m] Listening on Device-mapper event daemon FIFOs.
[  25.6073 sstemd[]:istening on SyslogSoet.
[[0;32m  OK  [0m] Listening on Syslog Socket.
[   5.1942] systemd[1]: Reached target System Tmeynchronized.

[[0;32m  OK  [0m] Reached target System Time Synchronized.
[   26.124119] systemd[1]: Listening on LVM2 metadata daemon socket.
[[0;32m  OK  [0m] Listening on LVM2 metadata daemon socket.
[   26.127811] systemd[1]: Listening on /dev/initctl Compatibility Named Pipe.
[[0;32m  OK  [0m] Listening on /dev/initctl Compatibility Named Pipe.
[   26.139724] systemd[1]: Listening on LVM2 poll daemon socket.
[[0;32m  OK  [0m] Listening on LVM2 poll daemon socket.
[   26.144293] systemd[1]: Reached target Swap.
[[0;32m  OK  [0m] Reached target Swap.
[   26.148313] systemd[1]: Listening on udev Control Socket.
[[0;32m  OK  [0m] Listening on udev Control Socket.
[   26.151713] systemd[1]: Listening on Journal Socket.
[[0;32m  OK  [0m] Listening on Journal Socket.
[   26.163928] systemd[1]: Reached target User and Group Name Lookups.
[[0;32m  OK  [0m] Reached target User and Group Name Lookups.
[   26.168696] systemd[1]: Started Trigger resolvconf update for networkd DNS.
[[0;32m  OK  [0m] Started Trigger resolvconf update for networkd DNS.
[   26.172279] systemd[1]: Listening on Journal Audit Socket.
[[0;32m  OK  [0m] Listening on Journal Audit Socket.
[   26.175212] systemd[1]: Created slice User and Session Slice.
[[0;32m  OK  [0m] Created slice User and Session Slice.
[   .272082] systemd[1]: Listening on udev Kernel Socket.
[[0;32m  OK  [0m] Listening on udev Kernel Socket.
[   26.342567] systemd[1]: Created slice System Slice.
[[0;32m  OK  [0m] Created slice System Slice.
[   26.355881] systemd[1]: Mounting POSIX Message Queue File System...
         Mounting POSIX Message Queue File System...
[   26.463790] systemd[1]: Starting Nameserver information manager...
         Starting Nameserver information manager...
[   26.575759] systemd[1]: Starting Journal Service...
         Starting Journal Service...
[  26.611962] systemd[1]: Created slice system-serial\x2dgetty.slice.
[[0;32m  OK  [0m] Created slice system-serial\x2dgetty.slice.
[   26.829477] systemd[1]: Mounting Huge Pages File System...
         Mounting Huge Pages File System...
[   26.876409] systemd[1]: Starting Monitoring of LVM2 mirrors, snapshots etc. using dmeventd or progress polling...
         Starting Monitoring of LVM2 mirrors... dmeventd or progress polling...
[   27.023818] systemd[1]: Mounting Debug File System...
         Mounting Debug File System...
[   27.139615] systemd[1]: Starting Remount Root and Kernel File Systems...
[   27.146499] EXT4-fs (sda1): re-mounted. Opts: (null)
         Starting Remount Root and Kernel File Systems...
[   27.383619] systemd[1]: Starting Set console keymap...
         Starting Set console keymap...
[   27.410800] systemd[1]: Starting Create list of required static device nodes for the current kernel...
         Starting Create list of required st... nodes for the current kernel...
[   27.420320] systemd[1]: Starting Uncomplicated firewall...
         Starting Uncomplicated firewall...
[   27.424318] systemd[1]: Reached target Slices.
[[0;32m  OK  [0m] Reached target Slices.
[   27.429445] systemd[1]: Starting Load Kernel Modules...
         Starting Load Kernel Modules...
[   27.436698] systemd[1]: Mounted Huge Pages File System.
[[0;32m  OK  [0m] Mounted Huge Pages File System.
[   27.443457] systemd[1]: Mounted POSIX Message Queue File System.
[   27.443518] Loading iSCSI transport class v2.0-870.
[[0;32m  OK  [0m] Mounted POSIX Message Queue File System.
[   27.451825] systemd[1]: Mounted Debug File System.
[[0;32m  OK  [0m] Mounted Debug File System.
[   27.455776] systemd[1]: Started Journal Service.
[   27.457655] iscsi: registered transport (tcp)
[[0;32m  OK  [0m] Started Journal Service.
[[0;32m  OK  [0m] Started Remount Root and Kernel File Systems.
[[0;32m  OK  [0m] Started Set console keymap.
[[0;32m  OK  [0m] Started Create list of required sta...ce nodes for the current kernel.
[[0;32m  OK  [0m] Started Uncomplicated firewall.
[   27.491889] iscsi: registered transport (iser)
[[0;32m  OK  [0m] Started Nameserver information manager.
[[0;32m  OK  [0m] Started Load Kernel Modules.
[[0;32m  OK  [0m] Started LVM2 metadata daemon.
         Starting Apply Kernel Variables...
         Mounting FUSE Control File System...
         Starting Create Static Device Nodes in /dev...
         Starting udev Coldplug all Devices...
         Starting Load/Save Random Seed...
         Starting Flush Journal to Persistent Storage...
[[0;32m  OK  [0m] Mounted FUSE Control File System.
[[0;32m  OK  [0m] Started Monitoring of LVM2 mirrors,...ng dmeventd or progress polling.
[[0;32m  OK  [0m] Started Apply Kernel Variables.
[[0;32m  OK  [0m] Started Create Static Device Nodes in /dev.
[[0;32m  OK  [0m] Started Load/Save Random Seed.
[[0;32m  OK  [0m] Started udev Coldplug all Devices.
[[0;32m  OK  [0m] Started Flush Journal to Persistent Storage.
         Starting udev Kernel Device Manager...
[[0;32m  OK  [0m] Reached target Local File Systems (Pre).
[[0;32m  OK  [0m] Reached target Local File Systems.
         Starting Tell Plymouth To Write Out Runtime Data...
         Starting Initial cloud-init job (pre-networking)...
         Starting Set console font and keymap...
         Starting Create Volatile Files and Directories...
         Starting LSB: AppArmor initialization...
[[0;32m  OK  [0m] Started Tell Plymouth To Write Out Runtime Data.
[[0;32m  OK  [0m] Started udev Kernel Device Manager.
[[0;32m  OK  [0m] Started Dispatch Password Requests to Console Directory Watch.
[[0;32m  OK  [0m] Started Set console font and keymap.
[[0;32m  OK  [0m] Created slice system-getty.slice.
[[0;32m  OK  [0m] Found device /dev/ttyS0.
[[0;32m  OK  [0m] Started LSB: AppArmor initialization.
[[0;32m  OK  [0m] Listening on Load/Save RF Kill Switch Status /dev/rfkill Watch.
[[0;32m  OK  [0m] Started Create Volatile Files and Directories.
         Starting Update UTMP about System Boot/Shutdown...
[[0;32m  OK  [0m] Started Update UTMP about System Boot/Shutdown.
[[0;32m  OK  [0m] Found device 82540EM Gigabit Ethern...r (PRO/1000 MT Desktop Adapter).
[   19.025812] cloud-init[488]: Cloud-init v. 18.4-0ubuntu1~16.04.2 running 'init-local' at Sun, 03 Feb 2019 11:27:12 +0000. Up 18.78 seconds.
[[0;32m  OK  [0m] Started Initial cloud-init job (pre-networking).
[[0;32m  OK  [0m] Reached target Network (Pre).
         Starting Raise network interfaces...
[[0;32m  OK  [0m] Started ifup for enp0s3.
[[0;32m  OK  [0m] Started Raise network interfaces.
         Starting Initial cloud-init job (metadata service crawler)...
[   19.775264] cloud-init[1025]: Cloud-init v. 18.4-0ubuntu1~16.04.2 running 'init' at Sun, 03 Feb 2019 11:27:13 +0000. Up 19.55 seconds.
[   19.863516] [cloud-init[0;32m  OK  [0m[1025]: ] ci-info: ++++++++++++++++++++++++++++++++++++++Net device info++++++++++++++++++++++++++++++++++++++Started Initial cloud-init job (metadata service crawler).

[   19.864214] cloud-init[1025]: ci-info: +--------+------+----------------------------+---------------+--------+-------------------+
[   19.997842] [cloud-init[0;32m  OK  [0m[1025]: ] ci-info: | Device |  Up  |          Address           |      Mask     | Scope  |     Hw-Address    |Reached target Cloud-config availability.

[[   19.998410] [0;32m  OK  [0mcloud-init] [1025]: Reached target System Initialization.ci-info: +--------+------+----------------------------+---------------+--------+-------------------+

[   20.201507]          cloud-initStarting LXD - unix socket.[1025]: 
ci-info: | enp0s3 | True |         10.0.2.15          | 255.255.255.0 | global | 02:20:67:8c:d5:af |
[   20.309281] [cloud-init[0;32m  OK  [0m[1025]: ] ci-info: | enp0s3 | True | fe80::20:67ff:fe8c:d5af/64 |       .       |  link  | 02:20:67:8c:d5:af |Started ACPI Events Check.

[[   20.310022] [0;32m  OK  [0mcloud-init] [1025]: Reached target Paths.ci-info: |   lo   | True |         127.0.0.1          |   255.0.0.0   |  host  |         .         |

[   20.444928] [cloud-init[0;32m  OK  [0m[1025]: ] ci-info: |   lo   | True |          ::1/128           |       .       |  host  |         .         |Listening on D-Bus System Message Bus Socket.

[   20.573777] [cloud-init[0;32m  OK  [0m[1025]: ] ci-info: +--------+------+----------------------------+---------------+--------+-------------------+Listening on ACPID Listen Socket.

         [   20.574503] Starting Socket activation for snappy daemon.cloud-init
[1025]: ci-info: +++++++++++++++++++++++++++Route IPv4 info++++++++++++++++++++++++++++
[   20.784989] [cloud-init[0;32m  OK  [0m[1025]: ] ci-info: +-------+-------------+----------+---------------+-----------+-------+Started Daily Cleanup of Temporary Directories.

[[   20.785551] [0;32m  OK  [0mcloud-init] [1025]: Listening on UUID daemon activation socket.ci-info: | Route | Destination | Gateway  |    Genmask    | Interface | Flags |

[   20.977132] [cloud-init[0;32m  OK  [0m[1025]: ] ci-info: +-------+-------------+----------+---------------+-----------+-------+Started Daily apt download activities.

[[   20.977755] [0;32m  OK  [0mcloud-init] [1025]: Started Daily apt upgrade and clean activities.ci-info: |   0   |   0.0.0.0   | 10.0.2.2 |    0.0.0.0    |   enp0s3  |   UG  |

[   21.177016] [cloud-init[0;32m  OK  [0m[1025]: ] ci-info: |   1   |   10.0.2.0  | 0.0.0.0  | 255.255.255.0 |   enp0s3  |   U   |Reached target Timers.

[[   21.177594] [0;32m  OK  [0mcloud-init] [1025]: Listening on LXD - unix socket.ci-info: +-------+-------------+----------+---------------+-----------+-------+

[   21.358423] [cloud-init[0;32m  OK  [0m[1025]: ] ci-info: +++++++++++++++++++Route IPv6 info+++++++++++++++++++Listening on Socket activation for snappy daemon.

[   21.482542] [cloud-init[0;32m  OK  [0m[1025]: ] ci-info: +-------+-------------+---------+-----------+-------+Reached target Sockets.

[[   21.483267] [0;32m  OK  [0mcloud-init] [1025]: Reached target Basic System.ci-info: | Route | Destination | Gateway | Interface | Flags |

[   21.568814]          cloud-initStarting Snappy daemon...[1025]: 
ci-info: +-------+-------------+---------+-----------+-------+
[   21.571440]          cloud-initStarting LSB: MD monitoring daemon...[1025]: 
ci-info: |   0   |  fe80::/64  |    ::   |   enp0s3  |   U   |
[   21.587931]          cloud-initStarting System Logging Service...[1025]: 
ci-info: |   3   |   ff00::/8  |    ::   |   enp0s3  |   U   |
[   21.604038] [[0;32m  OK  [0m] Started D-Bus System Message Bus.
cloud-init[1025]: ci-info: +-------+-------------+---------+-----------+-------+
         Starting vboxadd.service...
[[0;32m  OK  [0m] Started ACPI event daemon.
         Starting Accounts Service...
[[0;32m  OK  [0m] Started Run anacron jobs.
[[0;32m  OK  [0m] Started Deferred execution scheduler.
[[0;32m  OK  [0m] Started FUSE filesystem for LXC.
         Starting Login Service...
         Starting LSB: Record successful boot for GRUB...
         Starting Detect the available GPUs and deal with any system changes...
         Starting Network Manager...
[[0;32m  OK  [0m] Started Regular background program processing daemon.
         Starting LXD - container startup/shutdown...
[[0;32m  OK  [0m] Started System Logging Service.
[[0;32m  OK  [0m] Started Snappy daemon.
[[0;32m  OK  [0m] Started Detect the available GPUs and deal with any system changes.
[[0;32m  OK  [0m] Started LSB: MD monitoring daemon.
         Starting Authenticate and Authorize Users to Run Privileged Tasks...
         Starting Wait until snapd is fully seeded...
[[0;32m  OK  [0m] Started LSB: Record successful boot for GRUB.
[[0;32m  OK  [0m] Started LXD - container startup/shutdown.
[[0;32m  OK  [0m] Started Wait until snapd is fully seeded.
[[0;32m  OK  [0m] Started Login Service.
[[0;32m  OK  [0m] Started Network Manager.
[[0;32m  OK  [0m] Started Authenticate and Authorize Users to Run Privileged Tasks.
[[0;32m  OK  [0m] Started vboxadd.service.
[[0;32m  OK  [0m] Started Accounts Service.
         Starting vboxadd-service.service...
         Starting Network Manager Script Dispatcher Service...
[[0;32m  OK  [0m] Reached target Network.
[[0;32m  OK  [0m] Started Unattended Upgrades Shutdown.
         Starting Network Manager Wait Online...
[[0;32m  OK  [0m] Started vboxadd-service.service.
[[0;32m  OK  [0m] Started Network Manager Script Dispatcher Service.
         Starting Hostname Service...
[[0;32m  OK  [0m] Started Hostname Service.
[[0;32m  OK  [0m] Started Network Manager Wait Online.
[[0;32m  OK  [0m] Reached target Network is Online.
         Starting /etc/rc.local Compatibility...
         Starting OpenBSD Secure Shell server...
         Starting Apply the settings specified in cloud-config...
         Starting iSCSI initiator daemon (iscsid)...
[[0;32m  OK  [0m] Started /etc/rc.local Compatibility.
[[0;32m  OK  [0m] Started OpenBSD Secure Shell server.
[[0;32m  OK  [0m] Started iSCSI initiator daemon (iscsid).
         Starting Login to default iSCSI targets...
[[0;32m  OK  [0m] Started Login to default iSCSI targets.
[[0;32m  OK  [0m] Reached target Remote File Systems (Pre).
[[0;32m  OK  [0m] Reached target Remote File Systems.
         Starting LSB: automatic crash report generation...
         Starting LSB: Set the CPU Frequency Scaling governor to "ondemand"...
[   22.498330] cloud-init[1299]: Cloud-init v. 18.4-0ubuntu1~16.04.2 running 'modules:config' at Sun, 03 Feb 2019 11:27:16 +0000. Up 22.42 seconds.
         Starting Permit User Sessions...
         Starting LSB: daemon to balance interrupts for SMP systems...
[[0;32m  OK  [0m] Started Apply the settings specified in cloud-config.
[[0;32m  OK  [0m] Started Permit User Sessions.
[[0;32m  OK  [0m] Started LSB: Set the CPU Frequency Scaling governor to "ondemand".
[[0;32m  OK  [0m] Started LSB: automatic crash report generation.
         Starting Light Display Manager...
         Starting Hold until boot process finishes up...
[[0;32m  OK  [0m] Started LSB: daemon to balance interrupts for SMP systems.
[[0;32m  OK  [0m] Started Hold until boot process finishes up.
[[0;32m  OK  [0m] Started Getty on tty1.
         Starting Set console scheme...
[[0;32m  OK  [0m] Started Serial Getty on ttyS0.
[[0;32m  OK  [0m] Reached target Login Prompts.
[[0;32m  OK  [0m] Reached target Multi-User System.
         Starting Execute cloud user/final scripts...
[[0;32m  OK  [0m] Started Set console scheme.
[[0;32m  OK  [0m] Started Light Display Manager.
[[0;32m  OK  [0m] Reached target Graphical Interface.
         Starting Update UTMP about System Runlevel Changes...
[[0;32m  OK  [0m] Started Update UTMP about System Runlevel Changes.
[   23.362463] cloud-init[1405]: Cloud-init v. 18.4-0ubuntu1~16.04.2 running 'modules:final' at Sun, 03 Feb 2019 11:27:17 +0000. Up 23.28 seconds.
[   23.377329] cloud-init[1405]: Cloud-init v. 18.4-0ubuntu1~16.04.2 finished at Sun, 03 Feb 2019 11:27:17 +0000. Datasource DataSourceNoCloud [seed=/dev/sdb][dsmode=net].  Up 23.35 seconds
[[0;32m  OK  [0m] Created slice User Slice of lightdm.
         Starting User Manager for UID 112...
[[0;32m  OK  [0m] Started User Manager for UID 112.
[[0;32m  OK  [0m] Started Execute cloud user/final scripts.
[[0;32m  OK  [0m] Started Session c1 of user lightdm.
[[0;32m  OK  [0m] Reached target Cloud-init target.
         Starting Daily apt download activities...
[[0;32m  OK  [0m] Created slice User Slice of vagrant.
         Starting User Manager for UID 1000...
[[0;32m  OK  [0m] Started Session 1 of user vagrant.
[[0;32m  OK  [0m] Started User Manager for UID 1000.
         Starting Daemon for power management...
[[0;32m  OK  [0m] Started Daemon for power management.
         Stopping User Manager for UID 1000...
[[0;32m  OK  [0m] Stopped User Manager for UID 1000.
[[0;32m  OK  [0m] Removed slice User Slice of vagrant.

Ubuntu 16.04.5 LTS ubuntu-xenial ttyS0

ubuntu-xenial login: [ 1342.448623] e1000 0000:00:03.0 enp0s3: Detected Tx Unit Hang
[ 1342.448623]   Tx Queue             <0>
[ 1342.448623]   TDH                  <ef>
[ 1342.448623]   TDT                  <f1>
[ 1342.448623]   next_to_use          <f1>
[ 1342.448623]   next_to_clean        <ef>
[ 1342.448623] buffer_info[next_to_clean]
[ 1342.448623]   time_stamp           <10003ef00>
[ 1342.448623]   next_to_watch        <f0>
[ 1342.448623]   jiffies              <10003f0d8>
[ 1342.448623]   next_to_watch.status <0>
[ 1344.451706] e1000 0000:00:03.0 enp0s3: Detected Tx Unit Hang
[ 1344.451706]   Tx Queue             <0>
[ 1344.451706]   TDH                  <ef>
[ 1344.451706]   TDT                  <f1>
[ 1344.451706]   next_to_use          <f1>
[ 1344.451706]   next_to_clean        <ef>
[ 1344.451706] buffer_info[next_to_clean]
[ 1344.451706]   time_stamp           <10003ef00>
[ 1344.451706]   next_to_watch        <f0>
[ 1344.451706]   jiffies              <10003f2cd>
[ 1344.451706]   next_to_watch.status <0>
[ 1346.454563] e1000 0000:00:03.0 enp0s3: Detected Tx Unit Hang
[ 1346.454563]   Tx Queue             <0>
[ 1346.454563]   TDH                  <ef>
[ 1346.454563]   TDT                  <f1>
[ 1346.454563]   next_to_use          <f1>
[ 1346.454563]   next_to_clean        <ef>
[ 1346.454563] buffer_info[next_to_clean]
[ 1346.454563]   time_stamp           <10003ef00>
[ 1346.454563]   next_to_watch        <f0>
[ 1346.454563]   jiffies              <10003f4c2>
[ 1346.454563]   next_to_watch.status <0>
[ 1348.457536] e1000 0000:00:03.0 enp0s3: Detected Tx Unit Hang
[ 1348.457536]   Tx Queue             <0>
[ 1348.457536]   TDH                  <ef>
[ 1348.457536]   TDT                  <f1>
[ 1348.457536]   next_to_use          <f1>
[ 1348.457536]   next_to_clean        <ef>
[ 1348.457536] buffer_info[next_to_clean]
[ 1348.457536]   time_stamp           <10003ef00>
[ 1348.457536]   next_to_watch        <f0>
[ 1348.457536]   jiffies              <10003f6b7>
[ 1348.457536]   next_to_watch.status <0>
[ 1349.197269] e1000 0000:00:03.0 enp0s3: Reset adapter
[ 8592.033561] e1000 0000:00:03.0 enp0s3: Detected Tx Unit Hang
[ 8592.033561]   Tx Queue             <0>
[ 8592.033561]   TDH                  <2b>
[ 8592.033561]   TDT                  <2d>
[ 8592.033561]   next_to_use          <2d>
[ 8592.033561]   next_to_clean        <2b>
[ 8592.033561] buffer_info[next_to_clean]
[ 8592.033561]   time_stamp           <1001f96de>
[ 8592.033561]   next_to_watch        <2c>
[ 8592.033561]   jiffies              <1001f9a57>
[ 8592.033561]   next_to_watch.status <0>
[ 8594.085514] e1000 0000:00:03.0 enp0s3: Detected Tx Unit Hang
[ 8594.085514]   Tx Queue             <0>
[ 8594.085514]   TDH                  <2b>
[ 8594.085514]   TDT                  <2d>
[ 8594.085514]   next_to_use          <2d>
[ 8594.085514]   next_to_clean        <2b>
[ 8594.085514] buffer_info[next_to_clean]
[ 8594.085514]   time_stamp           <1001f96de>
[ 8594.085514]   next_to_watch        <2c>
[ 8594.085514]   jiffies              <1001f9c58>
[ 8594.085514]   next_to_watch.status <0>
[ 8594.309163] e1000 0000:00:03.0 enp0s3: Reset adapter
